2025-07-02 20:17:50.8394 INFO Microsoft.Hosting.Lifetime Now listening on: https://localhost:7114 
2025-07-02 20:17:50.8671 INFO Microsoft.Hosting.Lifetime Now listening on: http://localhost:5016 
2025-07-02 20:17:50.9734 INFO Microsoft.Hosting.Lifetime Application started. Press Ctrl+C to shut down. 
2025-07-02 20:17:50.9734 INFO Microsoft.Hosting.Lifetime Hosting environment: Development 
2025-07-02 20:17:50.9734 INFO Microsoft.Hosting.Lifetime Content root path: D:\Anazeem_training\projects\Task1\PurchaseManagement.API\PurchaseManagement.API 
2025-07-02 20:17:53.8094 INFO Microsoft.AspNetCore.Hosting.Diagnostics Request starting HTTP/2 GET https://localhost:7114/swagger/index.html - - - 
2025-07-02 20:17:54.0325 INFO Microsoft.AspNetCore.Hosting.Diagnostics Request finished HTTP/2 GET https://localhost:7114/swagger/index.html - 200 - text/html;charset=utf-8 241.4997ms 
2025-07-02 20:17:54.3435 INFO Microsoft.AspNetCore.Hosting.Diagnostics Request starting HTTP/2 GET https://localhost:7114/_framework/aspnetcore-browser-refresh.js - - - 
2025-07-02 20:17:54.3435 INFO Microsoft.AspNetCore.Hosting.Diagnostics Request starting HTTP/2 GET https://localhost:7114/_vs/browserLink - - - 
2025-07-02 20:17:54.3503 INFO Microsoft.AspNetCore.Hosting.Diagnostics Request finished HTTP/2 GET https://localhost:7114/_framework/aspnetcore-browser-refresh.js - 200 16529 application/javascript;+charset=utf-8 6.8353ms 
2025-07-02 20:17:54.4015 INFO Microsoft.AspNetCore.Hosting.Diagnostics Request finished HTTP/2 GET https://localhost:7114/_vs/browserLink - 200 - text/javascript;+charset=UTF-8 58.0716ms 
2025-07-02 20:17:54.5402 INFO Microsoft.AspNetCore.Hosting.Diagnostics Request starting HTTP/2 GET https://localhost:7114/swagger/v1/swagger.json - - - 
2025-07-02 20:17:54.5581 INFO Microsoft.AspNetCore.Hosting.Diagnostics Request finished HTTP/2 GET https://localhost:7114/swagger/v1/swagger.json - 200 - application/json;charset=utf-8 18.3055ms 
2025-07-02 20:17:59.0783 INFO Microsoft.AspNetCore.Hosting.Diagnostics Request starting HTTP/2 GET https://localhost:7114/WeatherForecast - - - 
2025-07-02 20:17:59.0888 INFO Microsoft.AspNetCore.Routing.EndpointMiddleware Executing endpoint 'PurchaseManagement.API.Controllers.WeatherForecastController.Get (PurchaseManagement.API)' 
2025-07-02 20:17:59.1188 INFO Microsoft.AspNetCore.Mvc.Infrastructure.ControllerActionInvoker Route matched with {action = "Get", controller = "WeatherForecast"}. Executing controller action with signature System.Collections.Generic.IEnumerable`1[PurchaseManagement.API.WeatherForecast] Get() on controller PurchaseManagement.API.Controllers.WeatherForecastController (PurchaseManagement.API). 
2025-07-02 20:17:59.1345 INFO Microsoft.AspNetCore.Mvc.Infrastructure.ObjectResultExecutor Executing ObjectResult, writing value of type 'PurchaseManagement.API.WeatherForecast[]'. 
2025-07-02 20:17:59.1651 INFO Microsoft.AspNetCore.Mvc.Infrastructure.ControllerActionInvoker Executed action PurchaseManagement.API.Controllers.WeatherForecastController.Get (PurchaseManagement.API) in 38.2442ms 
2025-07-02 20:17:59.1651 INFO Microsoft.AspNetCore.Routing.EndpointMiddleware Executed endpoint 'PurchaseManagement.API.Controllers.WeatherForecastController.Get (PurchaseManagement.API)' 
2025-07-02 20:17:59.1651 INFO Microsoft.AspNetCore.Hosting.Diagnostics Request finished HTTP/2 GET https://localhost:7114/WeatherForecast - 200 - application/json;+charset=utf-8 87.5257ms 
2025-07-02 20:27:53.9201 INFO Microsoft.Hosting.Lifetime Now listening on: https://localhost:7114 
2025-07-02 20:27:53.9490 INFO Microsoft.Hosting.Lifetime Now listening on: http://localhost:5016 
2025-07-02 20:27:54.0732 INFO Microsoft.Hosting.Lifetime Application started. Press Ctrl+C to shut down. 
2025-07-02 20:27:54.0732 INFO Microsoft.Hosting.Lifetime Hosting environment: Development 
2025-07-02 20:27:54.0732 INFO Microsoft.Hosting.Lifetime Content root path: D:\Anazeem_training\projects\Task1\PurchaseManagement.API\PurchaseManagement.API 
2025-07-02 20:27:54.8068 INFO Microsoft.AspNetCore.Hosting.Diagnostics Request starting HTTP/2 GET https://localhost:7114/swagger/index.html - - - 
2025-07-02 20:27:55.0595 INFO Microsoft.AspNetCore.Hosting.Diagnostics Request finished HTTP/2 GET https://localhost:7114/swagger/index.html - 200 - text/html;charset=utf-8 274.1946ms 
2025-07-02 20:27:55.0697 INFO Microsoft.AspNetCore.Hosting.Diagnostics Request starting HTTP/2 GET https://localhost:7114/_framework/aspnetcore-browser-refresh.js - - - 
2025-07-02 20:27:55.0697 INFO Microsoft.AspNetCore.Hosting.Diagnostics Request finished HTTP/2 GET https://localhost:7114/_framework/aspnetcore-browser-refresh.js - 200 16529 application/javascript;+charset=utf-8 6.6587ms 
2025-07-02 20:27:55.2049 INFO Microsoft.AspNetCore.Hosting.Diagnostics Request starting HTTP/2 GET https://localhost:7114/_vs/browserLink - - - 
2025-07-02 20:27:55.2473 INFO Microsoft.AspNetCore.Hosting.Diagnostics Request finished HTTP/2 GET https://localhost:7114/_vs/browserLink - 200 - text/javascript;+charset=UTF-8 42.7404ms 
2025-07-02 20:27:55.3940 INFO Microsoft.AspNetCore.Hosting.Diagnostics Request starting HTTP/2 GET https://localhost:7114/swagger/v1/swagger.json - - - 
2025-07-02 20:27:55.4182 INFO Microsoft.AspNetCore.Hosting.Diagnostics Request finished HTTP/2 GET https://localhost:7114/swagger/v1/swagger.json - 200 - application/json;charset=utf-8 24.2797ms 
2025-07-02 20:28:01.4831 INFO Microsoft.AspNetCore.Hosting.Diagnostics Request starting HTTP/2 GET https://localhost:7114/api/Products - - - 
2025-07-02 20:28:01.4972 INFO Microsoft.AspNetCore.Routing.EndpointMiddleware Executing endpoint 'PurchaseManagement.API.Controllers.ProductsController.GetProducts (PurchaseManagement.API)' 
2025-07-02 20:28:01.5391 INFO Microsoft.AspNetCore.Mvc.Infrastructure.ControllerActionInvoker Route matched with {action = "GetProducts", controller = "Products"}. Executing controller action with signature System.Threading.Tasks.Task`1[Microsoft.AspNetCore.Mvc.ActionResult`1[System.Collections.Generic.IEnumerable`1[PurchaseManagement.API.Models.Product]]] GetProducts() on controller PurchaseManagement.API.Controllers.ProductsController (PurchaseManagement.API). 
2025-07-02 20:28:01.8425 INFO PurchaseManagement.API.Controllers.ProductsController Getting all products 
2025-07-02 20:28:02.4271 WARN Microsoft.EntityFrameworkCore.Model.Validation No store type was specified for the decimal property 'UnitPrice' on entity type 'Product'. This will cause values to be silently truncated if they do not fit in the default precision and scale. Explicitly specify the SQL server column type that can accommodate all the values in 'OnModelCreating' using 'HasColumnType', specify precision and scale using 'HasPrecision', or configure a value converter using 'HasConversion'. 
2025-07-02 20:28:02.4271 WARN Microsoft.EntityFrameworkCore.Model.Validation No store type was specified for the decimal property 'TotalAmount' on entity type 'PurchaseOrder'. This will cause values to be silently truncated if they do not fit in the default precision and scale. Explicitly specify the SQL server column type that can accommodate all the values in 'OnModelCreating' using 'HasColumnType', specify precision and scale using 'HasPrecision', or configure a value converter using 'HasConversion'. 
2025-07-02 20:28:02.4271 WARN Microsoft.EntityFrameworkCore.Model.Validation No store type was specified for the decimal property 'UnitPrice' on entity type 'PurchaseOrderItem'. This will cause values to be silently truncated if they do not fit in the default precision and scale. Explicitly specify the SQL server column type that can accommodate all the values in 'OnModelCreating' using 'HasColumnType', specify precision and scale using 'HasPrecision', or configure a value converter using 'HasConversion'. 
2025-07-02 20:28:03.2663 INFO Microsoft.EntityFrameworkCore.Database.Command Executed DbCommand (38ms) [Parameters=[], CommandType='Text', CommandTimeout='30']
SELECT [p].[Id], [p].[Code], [p].[Name], [p].[Unit], [p].[UnitPrice]
FROM [Products] AS [p] 
2025-07-02 20:28:03.3056 INFO Microsoft.AspNetCore.Mvc.Infrastructure.ObjectResultExecutor Executing ObjectResult, writing value of type 'System.Collections.Generic.List`1[[PurchaseManagement.API.Models.Product, PurchaseManagement.API, Version=1.0.0.0, Culture=neutral, PublicKeyToken=null]]'. 
2025-07-02 20:28:03.3279 INFO Microsoft.AspNetCore.Mvc.Infrastructure.ControllerActionInvoker Executed action PurchaseManagement.API.Controllers.ProductsController.GetProducts (PurchaseManagement.API) in 1780.432ms 
2025-07-02 20:28:03.3289 INFO Microsoft.AspNetCore.Routing.EndpointMiddleware Executed endpoint 'PurchaseManagement.API.Controllers.ProductsController.GetProducts (PurchaseManagement.API)' 
2025-07-02 20:28:03.3289 INFO Microsoft.AspNetCore.Hosting.Diagnostics Request finished HTTP/2 GET https://localhost:7114/api/Products - 200 - application/json;+charset=utf-8 1857.4397ms 
2025-07-02 20:28:15.4891 INFO Microsoft.AspNetCore.Hosting.Diagnostics Request starting HTTP/2 GET https://localhost:7114/api/Products/5 - - - 
2025-07-02 20:28:15.4891 INFO Microsoft.AspNetCore.Routing.EndpointMiddleware Executing endpoint 'PurchaseManagement.API.Controllers.ProductsController.GetProduct (PurchaseManagement.API)' 
2025-07-02 20:28:15.5051 INFO Microsoft.AspNetCore.Mvc.Infrastructure.ControllerActionInvoker Route matched with {action = "GetProduct", controller = "Products"}. Executing controller action with signature System.Threading.Tasks.Task`1[Microsoft.AspNetCore.Mvc.ActionResult`1[PurchaseManagement.API.Models.Product]] GetProduct(Int32) on controller PurchaseManagement.API.Controllers.ProductsController (PurchaseManagement.API). 
2025-07-02 20:28:15.5315 INFO PurchaseManagement.API.Controllers.ProductsController Getting product with ID: 5 
2025-07-02 20:28:15.8788 INFO Microsoft.EntityFrameworkCore.Database.Command Executed DbCommand (116ms) [Parameters=[@__p_0='?' (DbType = Int32)], CommandType='Text', CommandTimeout='30']
SELECT TOP(1) [p].[Id], [p].[Code], [p].[Name], [p].[Unit], [p].[UnitPrice]
FROM [Products] AS [p]
WHERE [p].[Id] = @__p_0 
2025-07-02 20:28:15.8788 WARN PurchaseManagement.API.Controllers.ProductsController Product with ID 5 not found 
2025-07-02 20:28:15.8788 INFO Microsoft.AspNetCore.Mvc.Infrastructure.ObjectResultExecutor Executing ObjectResult, writing value of type 'Microsoft.AspNetCore.Mvc.ProblemDetails'. 
2025-07-02 20:28:15.8998 INFO Microsoft.AspNetCore.Mvc.Infrastructure.ControllerActionInvoker Executed action PurchaseManagement.API.Controllers.ProductsController.GetProduct (PurchaseManagement.API) in 394.4688ms 
2025-07-02 20:28:15.8998 INFO Microsoft.AspNetCore.Routing.EndpointMiddleware Executed endpoint 'PurchaseManagement.API.Controllers.ProductsController.GetProduct (PurchaseManagement.API)' 
2025-07-02 20:28:15.8998 INFO Microsoft.AspNetCore.Hosting.Diagnostics Request finished HTTP/2 GET https://localhost:7114/api/Products/5 - 404 - application/problem+json;+charset=utf-8 411.1891ms 
2025-07-02 20:32:42.9171 INFO Microsoft.Hosting.Lifetime Now listening on: https://localhost:7114 
2025-07-02 20:32:42.9384 INFO Microsoft.Hosting.Lifetime Now listening on: http://localhost:5016 
2025-07-02 20:32:43.0245 INFO Microsoft.Hosting.Lifetime Application started. Press Ctrl+C to shut down. 
2025-07-02 20:32:43.0245 INFO Microsoft.Hosting.Lifetime Hosting environment: Development 
2025-07-02 20:32:43.0245 INFO Microsoft.Hosting.Lifetime Content root path: D:\Anazeem_training\projects\Task1\PurchaseManagement.API\PurchaseManagement.API 
2025-07-02 20:32:49.0593 INFO Microsoft.Hosting.Lifetime Now listening on: https://localhost:7114 
2025-07-02 20:32:49.0898 INFO Microsoft.Hosting.Lifetime Now listening on: http://localhost:5016 
2025-07-02 20:32:49.2593 INFO Microsoft.Hosting.Lifetime Application started. Press Ctrl+C to shut down. 
2025-07-02 20:32:49.2593 INFO Microsoft.Hosting.Lifetime Hosting environment: Development 
2025-07-02 20:32:49.2593 INFO Microsoft.Hosting.Lifetime Content root path: D:\Anazeem_training\projects\Task1\PurchaseManagement.API\PurchaseManagement.API 
2025-07-02 20:32:50.4876 INFO Microsoft.AspNetCore.Hosting.Diagnostics Request starting HTTP/2 GET https://localhost:7114/swagger/index.html - - - 
2025-07-02 20:32:50.6971 INFO Microsoft.AspNetCore.Hosting.Diagnostics Request finished HTTP/2 GET https://localhost:7114/swagger/index.html - 200 - text/html;charset=utf-8 224.8870ms 
2025-07-02 20:32:50.7061 INFO Microsoft.AspNetCore.Hosting.Diagnostics Request starting HTTP/2 GET https://localhost:7114/_framework/aspnetcore-browser-refresh.js - - - 
2025-07-02 20:32:50.7061 INFO Microsoft.AspNetCore.Hosting.Diagnostics Request finished HTTP/2 GET https://localhost:7114/_framework/aspnetcore-browser-refresh.js - 200 16529 application/javascript;+charset=utf-8 7.0913ms 
2025-07-02 20:32:50.8542 INFO Microsoft.AspNetCore.Hosting.Diagnostics Request starting HTTP/2 GET https://localhost:7114/_vs/browserLink - - - 
2025-07-02 20:32:50.9235 INFO Microsoft.AspNetCore.Hosting.Diagnostics Request finished HTTP/2 GET https://localhost:7114/_vs/browserLink - 200 - text/javascript;+charset=UTF-8 70.8993ms 
2025-07-02 20:32:51.0564 INFO Microsoft.AspNetCore.Hosting.Diagnostics Request starting HTTP/2 GET https://localhost:7114/swagger/v1/swagger.json - - - 
2025-07-02 20:32:51.0729 INFO Microsoft.AspNetCore.Hosting.Diagnostics Request finished HTTP/2 GET https://localhost:7114/swagger/v1/swagger.json - 200 - application/json;charset=utf-8 17.0115ms 
2025-07-02 20:33:41.7491 INFO Microsoft.AspNetCore.Hosting.Diagnostics Request starting HTTP/2 GET https://localhost:7114/api/Products - - - 
2025-07-02 20:33:41.7619 INFO Microsoft.AspNetCore.Routing.EndpointMiddleware Executing endpoint 'PurchaseManagement.API.Controllers.ProductsController.GetProducts (PurchaseManagement.API)' 
2025-07-02 20:33:41.7864 INFO Microsoft.AspNetCore.Mvc.Infrastructure.ControllerActionInvoker Route matched with {action = "GetProducts", controller = "Products"}. Executing controller action with signature System.Threading.Tasks.Task`1[Microsoft.AspNetCore.Mvc.ActionResult`1[System.Collections.Generic.IEnumerable`1[PurchaseManagement.API.Models.Product]]] GetProducts() on controller PurchaseManagement.API.Controllers.ProductsController (PurchaseManagement.API). 
2025-07-02 20:33:41.9222 INFO PurchaseManagement.API.Controllers.ProductsController Getting all products 
2025-07-02 20:33:42.3603 WARN Microsoft.EntityFrameworkCore.Model.Validation No store type was specified for the decimal property 'UnitPrice' on entity type 'Product'. This will cause values to be silently truncated if they do not fit in the default precision and scale. Explicitly specify the SQL server column type that can accommodate all the values in 'OnModelCreating' using 'HasColumnType', specify precision and scale using 'HasPrecision', or configure a value converter using 'HasConversion'. 
2025-07-02 20:33:42.3603 WARN Microsoft.EntityFrameworkCore.Model.Validation No store type was specified for the decimal property 'TotalAmount' on entity type 'PurchaseOrder'. This will cause values to be silently truncated if they do not fit in the default precision and scale. Explicitly specify the SQL server column type that can accommodate all the values in 'OnModelCreating' using 'HasColumnType', specify precision and scale using 'HasPrecision', or configure a value converter using 'HasConversion'. 
2025-07-02 20:33:42.3603 WARN Microsoft.EntityFrameworkCore.Model.Validation No store type was specified for the decimal property 'UnitPrice' on entity type 'PurchaseOrderItem'. This will cause values to be silently truncated if they do not fit in the default precision and scale. Explicitly specify the SQL server column type that can accommodate all the values in 'OnModelCreating' using 'HasColumnType', specify precision and scale using 'HasPrecision', or configure a value converter using 'HasConversion'. 
2025-07-02 20:33:42.9795 INFO Microsoft.EntityFrameworkCore.Database.Command Executed DbCommand (30ms) [Parameters=[], CommandType='Text', CommandTimeout='30']
SELECT [p].[Id], [p].[Code], [p].[Name], [p].[Unit], [p].[UnitPrice]
FROM [Products] AS [p] 
2025-07-02 20:33:43.0080 INFO Microsoft.AspNetCore.Mvc.Infrastructure.ObjectResultExecutor Executing OkObjectResult, writing value of type 'System.Collections.Generic.List`1[[PurchaseManagement.API.Models.Product, PurchaseManagement.API, Version=1.0.0.0, Culture=neutral, PublicKeyToken=null]]'. 
2025-07-02 20:33:43.0214 INFO Microsoft.AspNetCore.Mvc.Infrastructure.ControllerActionInvoker Executed action PurchaseManagement.API.Controllers.ProductsController.GetProducts (PurchaseManagement.API) in 1228.8687ms 
2025-07-02 20:33:43.0214 INFO Microsoft.AspNetCore.Routing.EndpointMiddleware Executed endpoint 'PurchaseManagement.API.Controllers.ProductsController.GetProducts (PurchaseManagement.API)' 
2025-07-02 20:33:43.0214 INFO Microsoft.AspNetCore.Hosting.Diagnostics Request finished HTTP/2 GET https://localhost:7114/api/Products - 200 - application/json;+charset=utf-8 1280.8926ms 
2025-07-02 20:35:03.3892 INFO Microsoft.AspNetCore.Hosting.Diagnostics Request starting HTTP/1.1 GET http://localhost:5016/api/products - - - 
2025-07-02 20:35:03.4039 INFO Microsoft.AspNetCore.Hosting.Diagnostics Request finished HTTP/1.1 GET http://localhost:5016/api/products - 307 0 - 14.8606ms 
2025-07-02 20:35:03.4234 INFO Microsoft.AspNetCore.Hosting.Diagnostics Request starting HTTP/1.1 GET https://localhost:7114/api/products - - - 
2025-07-02 20:35:03.4234 INFO Microsoft.AspNetCore.Routing.EndpointMiddleware Executing endpoint 'PurchaseManagement.API.Controllers.ProductsController.GetProducts (PurchaseManagement.API)' 
2025-07-02 20:35:03.4234 INFO Microsoft.AspNetCore.Mvc.Infrastructure.ControllerActionInvoker Route matched with {action = "GetProducts", controller = "Products"}. Executing controller action with signature System.Threading.Tasks.Task`1[Microsoft.AspNetCore.Mvc.ActionResult`1[System.Collections.Generic.IEnumerable`1[PurchaseManagement.API.Models.Product]]] GetProducts() on controller PurchaseManagement.API.Controllers.ProductsController (PurchaseManagement.API). 
2025-07-02 20:35:03.4234 INFO PurchaseManagement.API.Controllers.ProductsController Getting all products 
2025-07-02 20:35:03.4522 INFO Microsoft.EntityFrameworkCore.Database.Command Executed DbCommand (10ms) [Parameters=[], CommandType='Text', CommandTimeout='30']
SELECT [p].[Id], [p].[Code], [p].[Name], [p].[Unit], [p].[UnitPrice]
FROM [Products] AS [p] 
2025-07-02 20:35:03.4531 INFO Microsoft.AspNetCore.Mvc.Infrastructure.ObjectResultExecutor Executing OkObjectResult, writing value of type 'System.Collections.Generic.List`1[[PurchaseManagement.API.Models.Product, PurchaseManagement.API, Version=1.0.0.0, Culture=neutral, PublicKeyToken=null]]'. 
2025-07-02 20:35:03.4531 INFO Microsoft.AspNetCore.Mvc.Infrastructure.ControllerActionInvoker Executed action PurchaseManagement.API.Controllers.ProductsController.GetProducts (PurchaseManagement.API) in 29.0054ms 
2025-07-02 20:35:03.4531 INFO Microsoft.AspNetCore.Routing.EndpointMiddleware Executed endpoint 'PurchaseManagement.API.Controllers.ProductsController.GetProducts (PurchaseManagement.API)' 
2025-07-02 20:35:03.4531 INFO Microsoft.AspNetCore.Hosting.Diagnostics Request finished HTTP/1.1 GET https://localhost:7114/api/products - 200 - application/json;+charset=utf-8 30.9095ms 
2025-07-02 20:35:12.2162 INFO Microsoft.AspNetCore.Hosting.Diagnostics Request starting HTTP/1.1 GET http://localhost:5016/api/products/8 - - - 
2025-07-02 20:35:12.2162 INFO Microsoft.AspNetCore.Hosting.Diagnostics Request finished HTTP/1.1 GET http://localhost:5016/api/products/8 - 307 0 - 0.7791ms 
2025-07-02 20:35:12.2190 INFO Microsoft.AspNetCore.Hosting.Diagnostics Request starting HTTP/1.1 GET https://localhost:7114/api/products/8 - - - 
2025-07-02 20:35:12.2190 INFO Microsoft.AspNetCore.Routing.EndpointMiddleware Executing endpoint 'PurchaseManagement.API.Controllers.ProductsController.GetProduct (PurchaseManagement.API)' 
2025-07-02 20:35:12.2190 INFO Microsoft.AspNetCore.Mvc.Infrastructure.ControllerActionInvoker Route matched with {action = "GetProduct", controller = "Products"}. Executing controller action with signature System.Threading.Tasks.Task`1[Microsoft.AspNetCore.Mvc.ActionResult`1[PurchaseManagement.API.Models.Product]] GetProduct(Int32) on controller PurchaseManagement.API.Controllers.ProductsController (PurchaseManagement.API). 
2025-07-02 20:35:12.2396 INFO PurchaseManagement.API.Controllers.ProductsController Getting product with ID: 8 
2025-07-02 20:35:12.4213 INFO Microsoft.EntityFrameworkCore.Database.Command Executed DbCommand (19ms) [Parameters=[@__p_0='?' (DbType = Int32)], CommandType='Text', CommandTimeout='30']
SELECT TOP(1) [p].[Id], [p].[Code], [p].[Name], [p].[Unit], [p].[UnitPrice]
FROM [Products] AS [p]
WHERE [p].[Id] = @__p_0 
2025-07-02 20:35:12.4230 WARN PurchaseManagement.API.Controllers.ProductsController Product with ID 8 not found 
2025-07-02 20:35:12.4230 INFO Microsoft.AspNetCore.Mvc.Infrastructure.ObjectResultExecutor Executing ObjectResult, writing value of type 'Microsoft.AspNetCore.Mvc.ProblemDetails'. 
2025-07-02 20:35:12.4396 INFO Microsoft.AspNetCore.Mvc.Infrastructure.ControllerActionInvoker Executed action PurchaseManagement.API.Controllers.ProductsController.GetProduct (PurchaseManagement.API) in 210.823ms 
2025-07-02 20:35:12.4396 INFO Microsoft.AspNetCore.Routing.EndpointMiddleware Executed endpoint 'PurchaseManagement.API.Controllers.ProductsController.GetProduct (PurchaseManagement.API)' 
2025-07-02 20:35:12.4396 INFO Microsoft.AspNetCore.Hosting.Diagnostics Request finished HTTP/1.1 GET https://localhost:7114/api/products/8 - 404 - application/problem+json;+charset=utf-8 220.9154ms 
2025-07-02 20:38:39.0403 INFO Microsoft.Hosting.Lifetime Now listening on: https://localhost:7114 
2025-07-02 20:38:39.0981 INFO Microsoft.Hosting.Lifetime Now listening on: http://localhost:5016 
2025-07-02 20:38:39.2522 INFO Microsoft.Hosting.Lifetime Application started. Press Ctrl+C to shut down. 
2025-07-02 20:38:39.2522 INFO Microsoft.Hosting.Lifetime Hosting environment: Development 
2025-07-02 20:38:39.2522 INFO Microsoft.Hosting.Lifetime Content root path: D:\Anazeem_training\projects\Task1\PurchaseManagement.API\PurchaseManagement.API 
2025-07-02 20:38:39.7515 INFO Microsoft.AspNetCore.Hosting.Diagnostics Request starting HTTP/2 GET https://localhost:7114/swagger/index.html - - - 
2025-07-02 20:38:39.9568 INFO Microsoft.AspNetCore.Hosting.Diagnostics Request finished HTTP/2 GET https://localhost:7114/swagger/index.html - 200 - text/html;charset=utf-8 220.8114ms 
2025-07-02 20:38:39.9568 INFO Microsoft.AspNetCore.Hosting.Diagnostics Request starting HTTP/2 GET https://localhost:7114/_framework/aspnetcore-browser-refresh.js - - - 
2025-07-02 20:38:39.9748 INFO Microsoft.AspNetCore.Hosting.Diagnostics Request finished HTTP/2 GET https://localhost:7114/_framework/aspnetcore-browser-refresh.js - 200 16529 application/javascript;+charset=utf-8 9.5358ms 
2025-07-02 20:38:40.0996 INFO Microsoft.AspNetCore.Hosting.Diagnostics Request starting HTTP/2 GET https://localhost:7114/_vs/browserLink - - - 
2025-07-02 20:38:40.1449 INFO Microsoft.AspNetCore.Hosting.Diagnostics Request finished HTTP/2 GET https://localhost:7114/_vs/browserLink - 200 - text/javascript;+charset=UTF-8 45.3018ms 
2025-07-02 20:38:40.2919 INFO Microsoft.AspNetCore.Hosting.Diagnostics Request starting HTTP/2 GET https://localhost:7114/swagger/v1/swagger.json - - - 
2025-07-02 20:38:40.3180 INFO Microsoft.AspNetCore.Hosting.Diagnostics Request finished HTTP/2 GET https://localhost:7114/swagger/v1/swagger.json - 200 - application/json;charset=utf-8 26.5558ms 
2025-07-02 20:39:22.6167 INFO Microsoft.AspNetCore.Hosting.Diagnostics Request starting HTTP/1.1 POST http://localhost:5016/api/products - - 0 
2025-07-02 20:39:22.6278 INFO Microsoft.AspNetCore.Hosting.Diagnostics Request finished HTTP/1.1 POST http://localhost:5016/api/products - 307 0 - 11.2618ms 
2025-07-02 20:39:22.6436 INFO Microsoft.AspNetCore.Hosting.Diagnostics Request starting HTTP/1.1 POST https://localhost:7114/api/products - - 0 
2025-07-02 20:39:22.6436 INFO Microsoft.AspNetCore.Routing.EndpointMiddleware Executing endpoint 'PurchaseManagement.API.Controllers.ProductsController.CreateProduct (PurchaseManagement.API)' 
2025-07-02 20:39:22.6742 INFO Microsoft.AspNetCore.Mvc.Infrastructure.ControllerActionInvoker Route matched with {action = "CreateProduct", controller = "Products"}. Executing controller action with signature System.Threading.Tasks.Task`1[Microsoft.AspNetCore.Mvc.ActionResult`1[PurchaseManagement.API.Models.Product]] CreateProduct(PurchaseManagement.API.Models.Product) on controller PurchaseManagement.API.Controllers.ProductsController (PurchaseManagement.API). 
2025-07-02 20:39:22.8423 INFO Microsoft.AspNetCore.Mvc.Infrastructure.ObjectResultExecutor Executing ObjectResult, writing value of type 'Microsoft.AspNetCore.Mvc.ProblemDetails'. 
2025-07-02 20:39:22.8679 INFO Microsoft.AspNetCore.Mvc.Infrastructure.ControllerActionInvoker Executed action PurchaseManagement.API.Controllers.ProductsController.CreateProduct (PurchaseManagement.API) in 188.3666ms 
2025-07-02 20:39:22.8679 INFO Microsoft.AspNetCore.Routing.EndpointMiddleware Executed endpoint 'PurchaseManagement.API.Controllers.ProductsController.CreateProduct (PurchaseManagement.API)' 
2025-07-02 20:39:22.8679 INFO Microsoft.AspNetCore.Hosting.Diagnostics Request finished HTTP/1.1 POST https://localhost:7114/api/products - 415 - application/problem+json;+charset=utf-8 227.0890ms 
2025-07-02 20:39:53.4459 INFO Microsoft.Hosting.Lifetime Now listening on: https://localhost:7114 
2025-07-02 20:39:53.4736 INFO Microsoft.Hosting.Lifetime Now listening on: http://localhost:5016 
2025-07-02 20:39:53.6219 INFO Microsoft.Hosting.Lifetime Application started. Press Ctrl+C to shut down. 
2025-07-02 20:39:53.6219 INFO Microsoft.Hosting.Lifetime Hosting environment: Development 
2025-07-02 20:39:53.6219 INFO Microsoft.Hosting.Lifetime Content root path: D:\Anazeem_training\projects\Task1\PurchaseManagement.API\PurchaseManagement.API 
2025-07-02 20:39:54.4347 INFO Microsoft.AspNetCore.Hosting.Diagnostics Request starting HTTP/2 GET https://localhost:7114/swagger/index.html - - - 
2025-07-02 20:39:54.7494 INFO Microsoft.AspNetCore.Hosting.Diagnostics Request finished HTTP/2 GET https://localhost:7114/swagger/index.html - 200 - text/html;charset=utf-8 343.1033ms 
2025-07-02 20:39:54.7657 INFO Microsoft.AspNetCore.Hosting.Diagnostics Request starting HTTP/2 GET https://localhost:7114/_framework/aspnetcore-browser-refresh.js - - - 
2025-07-02 20:39:54.7719 INFO Microsoft.AspNetCore.Hosting.Diagnostics Request finished HTTP/2 GET https://localhost:7114/_framework/aspnetcore-browser-refresh.js - 200 16529 application/javascript;+charset=utf-8 6.2105ms 
2025-07-02 20:39:54.9069 INFO Microsoft.AspNetCore.Hosting.Diagnostics Request starting HTTP/2 GET https://localhost:7114/_vs/browserLink - - - 
2025-07-02 20:39:54.9730 INFO Microsoft.AspNetCore.Hosting.Diagnostics Request finished HTTP/2 GET https://localhost:7114/_vs/browserLink - 200 - text/javascript;+charset=UTF-8 66.6022ms 
2025-07-02 20:39:55.1043 INFO Microsoft.AspNetCore.Hosting.Diagnostics Request starting HTTP/2 GET https://localhost:7114/swagger/v1/swagger.json - - - 
2025-07-02 20:39:55.1227 INFO Microsoft.AspNetCore.Hosting.Diagnostics Request finished HTTP/2 GET https://localhost:7114/swagger/v1/swagger.json - 200 - application/json;charset=utf-8 18.6846ms 
2025-07-02 20:41:04.6496 INFO Microsoft.AspNetCore.Hosting.Diagnostics Request starting HTTP/2 POST https://localhost:7114/api/Products - application/json 95 
2025-07-02 20:41:04.6612 INFO Microsoft.AspNetCore.Routing.EndpointMiddleware Executing endpoint 'PurchaseManagement.API.Controllers.ProductsController.CreateProduct (PurchaseManagement.API)' 
2025-07-02 20:41:04.6899 INFO Microsoft.AspNetCore.Mvc.Infrastructure.ControllerActionInvoker Route matched with {action = "CreateProduct", controller = "Products"}. Executing controller action with signature System.Threading.Tasks.Task`1[Microsoft.AspNetCore.Mvc.ActionResult`1[PurchaseManagement.API.Models.Product]] CreateProduct(PurchaseManagement.API.Models.Product) on controller PurchaseManagement.API.Controllers.ProductsController (PurchaseManagement.API). 
2025-07-02 20:41:04.8709 INFO PurchaseManagement.API.Controllers.ProductsController Creating new product: Laptop 
2025-07-02 20:41:05.4237 WARN Microsoft.EntityFrameworkCore.Model.Validation No store type was specified for the decimal property 'UnitPrice' on entity type 'Product'. This will cause values to be silently truncated if they do not fit in the default precision and scale. Explicitly specify the SQL server column type that can accommodate all the values in 'OnModelCreating' using 'HasColumnType', specify precision and scale using 'HasPrecision', or configure a value converter using 'HasConversion'. 
2025-07-02 20:41:05.4237 WARN Microsoft.EntityFrameworkCore.Model.Validation No store type was specified for the decimal property 'TotalAmount' on entity type 'PurchaseOrder'. This will cause values to be silently truncated if they do not fit in the default precision and scale. Explicitly specify the SQL server column type that can accommodate all the values in 'OnModelCreating' using 'HasColumnType', specify precision and scale using 'HasPrecision', or configure a value converter using 'HasConversion'. 
2025-07-02 20:41:05.4237 WARN Microsoft.EntityFrameworkCore.Model.Validation No store type was specified for the decimal property 'UnitPrice' on entity type 'PurchaseOrderItem'. This will cause values to be silently truncated if they do not fit in the default precision and scale. Explicitly specify the SQL server column type that can accommodate all the values in 'OnModelCreating' using 'HasColumnType', specify precision and scale using 'HasPrecision', or configure a value converter using 'HasConversion'. 
2025-07-02 20:41:06.1732 INFO Microsoft.EntityFrameworkCore.Database.Command Executed DbCommand (57ms) [Parameters=[@p0='?' (Size = 4000), @p1='?' (Size = 4000), @p2='?' (Size = 4000), @p3='?' (Precision = 18) (Scale = 2) (DbType = Decimal)], CommandType='Text', CommandTimeout='30']
SET IMPLICIT_TRANSACTIONS OFF;
SET NOCOUNT ON;
INSERT INTO [Products] ([Code], [Name], [Unit], [UnitPrice])
OUTPUT INSERTED.[Id]
VALUES (@p0, @p1, @p2, @p3); 
2025-07-02 20:41:06.2219 INFO PurchaseManagement.API.Controllers.ProductsController Product created successfully with ID: 1 
2025-07-02 20:41:06.2219 INFO Microsoft.AspNetCore.Mvc.Infrastructure.ObjectResultExecutor Executing CreatedAtActionResult, writing value of type 'PurchaseManagement.API.Models.Product'. 
2025-07-02 20:41:06.2624 INFO Microsoft.AspNetCore.Mvc.Infrastructure.ControllerActionInvoker Executed action PurchaseManagement.API.Controllers.ProductsController.CreateProduct (PurchaseManagement.API) in 1566.9623ms 
2025-07-02 20:41:06.2624 INFO Microsoft.AspNetCore.Routing.EndpointMiddleware Executed endpoint 'PurchaseManagement.API.Controllers.ProductsController.CreateProduct (PurchaseManagement.API)' 
2025-07-02 20:41:06.2737 INFO Microsoft.AspNetCore.Hosting.Diagnostics Request finished HTTP/2 POST https://localhost:7114/api/Products - 201 - application/json;+charset=utf-8 1624.2867ms 
2025-07-02 20:41:20.3064 INFO Microsoft.AspNetCore.Hosting.Diagnostics Request starting HTTP/2 GET https://localhost:7114/api/Products/0 - - - 
2025-07-02 20:41:20.3064 INFO Microsoft.AspNetCore.Routing.EndpointMiddleware Executing endpoint 'PurchaseManagement.API.Controllers.ProductsController.GetProduct (PurchaseManagement.API)' 
2025-07-02 20:41:20.3064 INFO Microsoft.AspNetCore.Mvc.Infrastructure.ControllerActionInvoker Route matched with {action = "GetProduct", controller = "Products"}. Executing controller action with signature System.Threading.Tasks.Task`1[Microsoft.AspNetCore.Mvc.ActionResult`1[PurchaseManagement.API.Models.Product]] GetProduct(Int32) on controller PurchaseManagement.API.Controllers.ProductsController (PurchaseManagement.API). 
2025-07-02 20:41:20.3156 INFO PurchaseManagement.API.Controllers.ProductsController Getting product with ID: 0 
2025-07-02 20:41:20.6591 INFO Microsoft.EntityFrameworkCore.Database.Command Executed DbCommand (2ms) [Parameters=[@__p_0='?' (DbType = Int32)], CommandType='Text', CommandTimeout='30']
SELECT TOP(1) [p].[Id], [p].[Code], [p].[Name], [p].[Unit], [p].[UnitPrice]
FROM [Products] AS [p]
WHERE [p].[Id] = @__p_0 
2025-07-02 20:41:20.6591 WARN PurchaseManagement.API.Controllers.ProductsController Product with ID 0 not found 
2025-07-02 20:41:20.6591 INFO Microsoft.AspNetCore.Mvc.Infrastructure.ObjectResultExecutor Executing ObjectResult, writing value of type 'Microsoft.AspNetCore.Mvc.ProblemDetails'. 
2025-07-02 20:41:20.6862 INFO Microsoft.AspNetCore.Mvc.Infrastructure.ControllerActionInvoker Executed action PurchaseManagement.API.Controllers.ProductsController.GetProduct (PurchaseManagement.API) in 373.5067ms 
2025-07-02 20:41:20.6862 INFO Microsoft.AspNetCore.Routing.EndpointMiddleware Executed endpoint 'PurchaseManagement.API.Controllers.ProductsController.GetProduct (PurchaseManagement.API)' 
2025-07-02 20:41:20.6862 INFO Microsoft.AspNetCore.Hosting.Diagnostics Request finished HTTP/2 GET https://localhost:7114/api/Products/0 - 404 - application/problem+json;+charset=utf-8 380.9026ms 
2025-07-02 20:41:35.4162 INFO Microsoft.AspNetCore.Hosting.Diagnostics Request starting HTTP/2 GET https://localhost:7114/api/Products - - - 
2025-07-02 20:41:35.4162 INFO Microsoft.AspNetCore.Routing.EndpointMiddleware Executing endpoint 'PurchaseManagement.API.Controllers.ProductsController.GetProducts (PurchaseManagement.API)' 
2025-07-02 20:41:35.4162 INFO Microsoft.AspNetCore.Mvc.Infrastructure.ControllerActionInvoker Route matched with {action = "GetProducts", controller = "Products"}. Executing controller action with signature System.Threading.Tasks.Task`1[Microsoft.AspNetCore.Mvc.ActionResult`1[System.Collections.Generic.IEnumerable`1[PurchaseManagement.API.Models.Product]]] GetProducts() on controller PurchaseManagement.API.Controllers.ProductsController (PurchaseManagement.API). 
2025-07-02 20:41:35.4248 INFO PurchaseManagement.API.Controllers.ProductsController Getting all products 
2025-07-02 20:41:35.4478 INFO Microsoft.EntityFrameworkCore.Database.Command Executed DbCommand (2ms) [Parameters=[], CommandType='Text', CommandTimeout='30']
SELECT [p].[Id], [p].[Code], [p].[Name], [p].[Unit], [p].[UnitPrice]
FROM [Products] AS [p] 
2025-07-02 20:41:35.4565 INFO Microsoft.AspNetCore.Mvc.Infrastructure.ObjectResultExecutor Executing OkObjectResult, writing value of type 'System.Collections.Generic.List`1[[PurchaseManagement.API.Models.Product, PurchaseManagement.API, Version=1.0.0.0, Culture=neutral, PublicKeyToken=null]]'. 
2025-07-02 20:41:35.4565 INFO Microsoft.AspNetCore.Mvc.Infrastructure.ControllerActionInvoker Executed action PurchaseManagement.API.Controllers.ProductsController.GetProducts (PurchaseManagement.API) in 36.4071ms 
2025-07-02 20:41:35.4565 INFO Microsoft.AspNetCore.Routing.EndpointMiddleware Executed endpoint 'PurchaseManagement.API.Controllers.ProductsController.GetProducts (PurchaseManagement.API)' 
2025-07-02 20:41:35.4565 INFO Microsoft.AspNetCore.Hosting.Diagnostics Request finished HTTP/2 GET https://localhost:7114/api/Products - 200 - application/json;+charset=utf-8 42.3852ms 
2025-07-02 20:41:47.7803 INFO Microsoft.AspNetCore.Hosting.Diagnostics Request starting HTTP/2 GET https://localhost:7114/api/Products/1 - - - 
2025-07-02 20:41:47.7803 INFO Microsoft.AspNetCore.Routing.EndpointMiddleware Executing endpoint 'PurchaseManagement.API.Controllers.ProductsController.GetProduct (PurchaseManagement.API)' 
2025-07-02 20:41:47.7803 INFO Microsoft.AspNetCore.Mvc.Infrastructure.ControllerActionInvoker Route matched with {action = "GetProduct", controller = "Products"}. Executing controller action with signature System.Threading.Tasks.Task`1[Microsoft.AspNetCore.Mvc.ActionResult`1[PurchaseManagement.API.Models.Product]] GetProduct(Int32) on controller PurchaseManagement.API.Controllers.ProductsController (PurchaseManagement.API). 
2025-07-02 20:41:47.7803 INFO PurchaseManagement.API.Controllers.ProductsController Getting product with ID: 1 
2025-07-02 20:41:47.7905 INFO Microsoft.EntityFrameworkCore.Database.Command Executed DbCommand (2ms) [Parameters=[@__p_0='?' (DbType = Int32)], CommandType='Text', CommandTimeout='30']
SELECT TOP(1) [p].[Id], [p].[Code], [p].[Name], [p].[Unit], [p].[UnitPrice]
FROM [Products] AS [p]
WHERE [p].[Id] = @__p_0 
2025-07-02 20:41:47.7905 INFO Microsoft.AspNetCore.Mvc.Infrastructure.ObjectResultExecutor Executing OkObjectResult, writing value of type 'PurchaseManagement.API.Models.Product'. 
2025-07-02 20:41:47.7905 INFO Microsoft.AspNetCore.Mvc.Infrastructure.ControllerActionInvoker Executed action PurchaseManagement.API.Controllers.ProductsController.GetProduct (PurchaseManagement.API) in 10.0238ms 
2025-07-02 20:41:47.7905 INFO Microsoft.AspNetCore.Routing.EndpointMiddleware Executed endpoint 'PurchaseManagement.API.Controllers.ProductsController.GetProduct (PurchaseManagement.API)' 
2025-07-02 20:41:47.7905 INFO Microsoft.AspNetCore.Hosting.Diagnostics Request finished HTTP/2 GET https://localhost:7114/api/Products/1 - 200 - application/json;+charset=utf-8 11.4338ms 
2025-07-02 20:42:32.5916 INFO Microsoft.Hosting.Lifetime Now listening on: https://localhost:7114 
2025-07-02 20:42:32.6278 INFO Microsoft.Hosting.Lifetime Now listening on: http://localhost:5016 
2025-07-02 20:42:32.7589 INFO Microsoft.Hosting.Lifetime Application started. Press Ctrl+C to shut down. 
2025-07-02 20:42:32.7589 INFO Microsoft.Hosting.Lifetime Hosting environment: Development 
2025-07-02 20:42:32.7589 INFO Microsoft.Hosting.Lifetime Content root path: D:\Anazeem_training\projects\Task1\PurchaseManagement.API\PurchaseManagement.API 
2025-07-02 20:42:33.8154 INFO Microsoft.AspNetCore.Hosting.Diagnostics Request starting HTTP/2 GET https://localhost:7114/swagger/index.html - - - 
2025-07-02 20:42:34.0509 INFO Microsoft.AspNetCore.Hosting.Diagnostics Request finished HTTP/2 GET https://localhost:7114/swagger/index.html - 200 - text/html;charset=utf-8 251.3579ms 
2025-07-02 20:42:34.0643 INFO Microsoft.AspNetCore.Hosting.Diagnostics Request starting HTTP/2 GET https://localhost:7114/_framework/aspnetcore-browser-refresh.js - - - 
2025-07-02 20:42:34.0643 INFO Microsoft.AspNetCore.Hosting.Diagnostics Request finished HTTP/2 GET https://localhost:7114/_framework/aspnetcore-browser-refresh.js - 200 16529 application/javascript;+charset=utf-8 12.5331ms 
2025-07-02 20:42:34.1968 INFO Microsoft.AspNetCore.Hosting.Diagnostics Request starting HTTP/2 GET https://localhost:7114/_vs/browserLink - - - 
2025-07-02 20:42:34.2392 INFO Microsoft.AspNetCore.Hosting.Diagnostics Request finished HTTP/2 GET https://localhost:7114/_vs/browserLink - 200 - text/javascript;+charset=UTF-8 42.6588ms 
2025-07-02 20:42:34.3826 INFO Microsoft.AspNetCore.Hosting.Diagnostics Request starting HTTP/2 GET https://localhost:7114/swagger/v1/swagger.json - - - 
2025-07-02 20:42:34.4572 INFO Microsoft.AspNetCore.Hosting.Diagnostics Request finished HTTP/2 GET https://localhost:7114/swagger/v1/swagger.json - 200 - application/json;charset=utf-8 74.8035ms 
2025-07-02 20:42:51.3376 INFO Microsoft.AspNetCore.Hosting.Diagnostics Request starting HTTP/2 GET https://localhost:7114/api/Products/5 - - - 
2025-07-02 20:42:51.3437 INFO Microsoft.AspNetCore.Routing.EndpointMiddleware Executing endpoint 'PurchaseManagement.API.Controllers.ProductsController.GetProduct (PurchaseManagement.API)' 
2025-07-02 20:42:51.3756 INFO Microsoft.AspNetCore.Mvc.Infrastructure.ControllerActionInvoker Route matched with {action = "GetProduct", controller = "Products"}. Executing controller action with signature System.Threading.Tasks.Task`1[Microsoft.AspNetCore.Mvc.ActionResult`1[PurchaseManagement.API.Models.Product]] GetProduct(Int32) on controller PurchaseManagement.API.Controllers.ProductsController (PurchaseManagement.API). 
2025-07-02 20:42:51.5242 INFO PurchaseManagement.API.Controllers.ProductsController Getting product with ID: 5 
2025-07-02 20:42:51.9993 WARN Microsoft.EntityFrameworkCore.Model.Validation No store type was specified for the decimal property 'UnitPrice' on entity type 'Product'. This will cause values to be silently truncated if they do not fit in the default precision and scale. Explicitly specify the SQL server column type that can accommodate all the values in 'OnModelCreating' using 'HasColumnType', specify precision and scale using 'HasPrecision', or configure a value converter using 'HasConversion'. 
2025-07-02 20:42:51.9993 WARN Microsoft.EntityFrameworkCore.Model.Validation No store type was specified for the decimal property 'TotalAmount' on entity type 'PurchaseOrder'. This will cause values to be silently truncated if they do not fit in the default precision and scale. Explicitly specify the SQL server column type that can accommodate all the values in 'OnModelCreating' using 'HasColumnType', specify precision and scale using 'HasPrecision', or configure a value converter using 'HasConversion'. 
2025-07-02 20:42:51.9993 WARN Microsoft.EntityFrameworkCore.Model.Validation No store type was specified for the decimal property 'UnitPrice' on entity type 'PurchaseOrderItem'. This will cause values to be silently truncated if they do not fit in the default precision and scale. Explicitly specify the SQL server column type that can accommodate all the values in 'OnModelCreating' using 'HasColumnType', specify precision and scale using 'HasPrecision', or configure a value converter using 'HasConversion'. 
2025-07-02 20:42:52.7638 INFO Microsoft.EntityFrameworkCore.Database.Command Executed DbCommand (48ms) [Parameters=[@__p_0='?' (DbType = Int32)], CommandType='Text', CommandTimeout='30']
SELECT TOP(1) [p].[Id], [p].[Code], [p].[Name], [p].[Unit], [p].[UnitPrice]
FROM [Products] AS [p]
WHERE [p].[Id] = @__p_0 
2025-07-02 20:42:52.7858 WARN PurchaseManagement.API.Controllers.ProductsController Product with ID 5 not found 
2025-07-02 20:42:52.7858 INFO Microsoft.AspNetCore.Mvc.Infrastructure.ObjectResultExecutor Executing ObjectResult, writing value of type 'Microsoft.AspNetCore.Mvc.ProblemDetails'. 
2025-07-02 20:42:52.8211 INFO Microsoft.AspNetCore.Mvc.Infrastructure.ControllerActionInvoker Executed action PurchaseManagement.API.Controllers.ProductsController.GetProduct (PurchaseManagement.API) in 1437.2726ms 
2025-07-02 20:42:52.8211 INFO Microsoft.AspNetCore.Routing.EndpointMiddleware Executed endpoint 'PurchaseManagement.API.Controllers.ProductsController.GetProduct (PurchaseManagement.API)' 
2025-07-02 20:42:52.8303 INFO Microsoft.AspNetCore.Hosting.Diagnostics Request finished HTTP/2 GET https://localhost:7114/api/Products/5 - 404 - application/problem+json;+charset=utf-8 1492.7538ms 
2025-07-02 20:47:09.5417 ERROR PurchaseManagement.API.Controllers.ProductsController Testing error logging functionality 
2025-07-02 20:47:54.5154 INFO PurchaseManagement.API.Controllers.ProductsController Getting all products 
2025-07-02 20:48:28.3149 INFO PurchaseManagement.API.Controllers.ProductsController Getting all products 
2025-07-02 20:50:52.7225 ERROR PurchaseManagement.API.Controllers.ProductsController Detailed error in TestDetailedError. Method: GET, Path: /api/Products/test-detailed-error System.ArgumentException: Product not found (Parameter 'productId')
   at PurchaseManagement.API.Controllers.ProductsController.TestDetailedError() in D:\Anazeem_training\projects\Task1\PurchaseManagement.API\PurchaseManagement.API\Controllers\ProductsController.cs:line 82
2025-07-02 21:47:31.4079 INFO PurchaseManagement.API.Controllers.ProductsController Creating new product: Mouse 
2025-07-02 21:47:34.2528 INFO PurchaseManagement.API.Controllers.ProductsController Product created successfully with ID: 2 
2025-07-02 21:47:53.5809 INFO PurchaseManagement.API.Controllers.ProductsController Creating new product: Keyboard 
2025-07-02 21:47:53.6410 INFO PurchaseManagement.API.Controllers.ProductsController Product created successfully with ID: 3 
2025-07-02 21:48:04.2927 INFO PurchaseManagement.API.Controllers.ProductsController Getting all products 
2025-07-02 21:48:46.3392 WARN PurchaseManagement.API.Controllers.ProductsController Product ID mismatch. URL ID: 3, Body ID: 0 
2025-07-02 21:49:06.2412 INFO PurchaseManagement.API.Controllers.ProductsController Product updated successfully. ID: 3 
2025-07-02 21:54:05.3455 INFO PurchaseManagement.API.Controllers.ProductsController Getting all products 
2025-07-02 21:54:59.8202 ERROR PurchaseManagement.API.Controllers.ProductsController Error updating product. ID: 3 Microsoft.EntityFrameworkCore.DbUpdateException: An error occurred while saving the entity changes. See the inner exception for details.
 ---> Microsoft.Data.SqlClient.SqlException (0x80131904): Cannot insert duplicate key row in object 'dbo.Products' with unique index 'IX_Products_Code'. The duplicate key value is (MOU003).
   at Microsoft.Data.SqlClient.SqlConnection.OnError(SqlException exception, Boolean breakConnection, Action`1 wrapCloseInAction)
   at Microsoft.Data.SqlClient.SqlInternalConnection.OnError(SqlException exception, Boolean breakConnection, Action`1 wrapCloseInAction)
   at Microsoft.Data.SqlClient.TdsParser.ThrowExceptionAndWarning(TdsParserStateObject stateObj, Boolean callerHasConnectionLock, Boolean asyncClose)
   at Microsoft.Data.SqlClient.TdsParser.TryRun(RunBehavior runBehavior, SqlCommand cmdHandler, SqlDataReader dataStream, BulkCopySimpleResultSet bulkCopyHandler, TdsParserStateObject stateObj, Boolean& dataReady)
   at Microsoft.Data.SqlClient.SqlDataReader.TryHasMoreRows(Boolean& moreRows)
   at Microsoft.Data.SqlClient.SqlDataReader.TryReadInternal(Boolean setTimeout, Boolean& more)
   at Microsoft.Data.SqlClient.SqlDataReader.ReadAsyncExecute(Task task, Object state)
   at Microsoft.Data.SqlClient.SqlDataReader.InvokeAsyncCall[T](SqlDataReaderBaseAsyncCallContext`1 context)
--- End of stack trace from previous location ---
   at Microsoft.EntityFrameworkCore.Update.AffectedCountModificationCommandBatch.ConsumeResultSetWithRowsAffectedOnlyAsync(Int32 commandIndex, RelationalDataReader reader, CancellationToken cancellationToken)
   at Microsoft.EntityFrameworkCore.Update.AffectedCountModificationCommandBatch.ConsumeAsync(RelationalDataReader reader, CancellationToken cancellationToken)
ClientConnectionId:1b9275f5-cca4-4e3d-8832-2f17283ab7dc
Error Number:2601,State:1,Class:14
   --- End of inner exception stack trace ---
   at Microsoft.EntityFrameworkCore.Update.AffectedCountModificationCommandBatch.ConsumeAsync(RelationalDataReader reader, CancellationToken cancellationToken)
   at Microsoft.EntityFrameworkCore.Update.ReaderModificationCommandBatch.ExecuteAsync(IRelationalConnection connection, CancellationToken cancellationToken)
   at Microsoft.EntityFrameworkCore.Update.ReaderModificationCommandBatch.ExecuteAsync(IRelationalConnection connection, CancellationToken cancellationToken)
   at Microsoft.EntityFrameworkCore.SqlServer.Update.Internal.SqlServerModificationCommandBatch.ExecuteAsync(IRelationalConnection connection, CancellationToken cancellationToken)
   at Microsoft.EntityFrameworkCore.Update.Internal.BatchExecutor.ExecuteAsync(IEnumerable`1 commandBatches, IRelationalConnection connection, CancellationToken cancellationToken)
   at Microsoft.EntityFrameworkCore.Update.Internal.BatchExecutor.ExecuteAsync(IEnumerable`1 commandBatches, IRelationalConnection connection, CancellationToken cancellationToken)
   at Microsoft.EntityFrameworkCore.Update.Internal.BatchExecutor.ExecuteAsync(IEnumerable`1 commandBatches, IRelationalConnection connection, CancellationToken cancellationToken)
   at Microsoft.EntityFrameworkCore.Storage.RelationalDatabase.SaveChangesAsync(IList`1 entries, CancellationToken cancellationToken)
   at Microsoft.EntityFrameworkCore.ChangeTracking.Internal.StateManager.SaveChangesAsync(IList`1 entriesToSave, CancellationToken cancellationToken)
   at Microsoft.EntityFrameworkCore.ChangeTracking.Internal.StateManager.SaveChangesAsync(StateManager stateManager, Boolean acceptAllChangesOnSuccess, CancellationToken cancellationToken)
   at Microsoft.EntityFrameworkCore.SqlServer.Storage.Internal.SqlServerExecutionStrategy.ExecuteAsync[TState,TResult](TState state, Func`4 operation, Func`4 verifySucceeded, CancellationToken cancellationToken)
   at Microsoft.EntityFrameworkCore.DbContext.SaveChangesAsync(Boolean acceptAllChangesOnSuccess, CancellationToken cancellationToken)
   at Microsoft.EntityFrameworkCore.DbContext.SaveChangesAsync(Boolean acceptAllChangesOnSuccess, CancellationToken cancellationToken)
   at PurchaseManagement.API.Controllers.ProductsController.UpdateProduct(Int32 id, Product product) in D:\Anazeem_training\projects\Task1\PurchaseManagement.API\PurchaseManagement.API\Controllers\ProductsController.cs:line 110
2025-07-02 21:57:20.9557 INFO PurchaseManagement.API.Controllers.ProductsController Product deleted successfully. ID: 3, Name: Keyboard Updated 
2025-07-02 21:57:26.1388 WARN PurchaseManagement.API.Controllers.ProductsController Attempted to delete non-existent product. ID: 5 
